(---------------------------------------------------------------------)
(                                                                     )
(    Parameter File READ                                              )
(                                                                     )
(    Drawing          : RES_1005_SAM-L.dra                            )
(    Software Version : 17.4S032                                      )
(    Date/Time        : Mon Nov 14 09:31:20 2022                      )
(                                                                     )
(---------------------------------------------------------------------)


	Paramfile Name : E:/share_OrCAD/parameter/footprint_design_Rlv1006.prm
	Layout Name   : E:/share_OrCAD/pcb_lib/symbols/ul_RC1005J000CS/AllegroV17_2/RES_1005_SAM-L.dra

Reading...parameter_header:
Reading...db_common_type:
Reading...grid_parms_type:
Reading...UnusedPadsSuppressionSettings:
Reading...color_table_table:
Reading...ColorParmType:
Reading...text_size_table:
Reading...ministat_parm_type:
Reading...ats_parm_type:
Reading...ifp_parm_type:


..... Total number of errors: 0.
..... Total number of warnings: 0.
