FILE_TYPE=LIBRARY_PARTS;
PRIMITIVE 'TLV76750DRVR','TLV76750DRVR_SMD';
  PIN
    'OUT':
      PIN_NUMBER='(1)';
      OUTPUT_LOAD='(1.0,-1.0)';
      PINUSE='OUT';
    'SNS':
      PIN_NUMBER='(2)';
      INPUT_LOAD='(-0.01,0.01)';
      PINUSE='IN';
    'GND':
      PIN_NUMBER='(3)';
      PIN_TYPE=POWER;
      NO_LOAD_CHECK=BOTH;
      NO_IO_CHECK=BOTH;
      ALLOW_CONNECT=TRUE;
      PINUSE='POWER';
    'EN':
      PIN_NUMBER='(4)';
      INPUT_LOAD='(-0.01,0.01)';
      PINUSE='IN';
    'GND_2':
      PIN_NUMBER='(5)';
      PIN_TYPE=POWER;
      NO_LOAD_CHECK=BOTH;
      NO_IO_CHECK=BOTH;
      ALLOW_CONNECT=TRUE;
      PINUSE='POWER';
    'IN':
      PIN_NUMBER='(6)';
      PIN_TYPE=POWER;
      NO_LOAD_CHECK=BOTH;
      NO_IO_CHECK=BOTH;
      ALLOW_CONNECT=TRUE;
      PINUSE='POWER';
    'THERMAL_PAD':
      PIN_NUMBER='(7)';
      NO_LOAD_CHECK=BOTH;
      NO_IO_CHECK=BOTH;
      ALLOW_CONNECT=TRUE;
      PINUSE='UNSPEC';
  END_PIN;
  BODY
    PART_NAME='TLV76750DRVR';
    PHYS_DES_PREFIX='U';
    NO_LOAD_CHECK='TRUE';
    PIN_COUNT='7';
    BODY_NAME='TLV76750DRVR';
    JEDEC_TYPE='DRV0006A-IPC_A';
    ALT_SYMBOLS='(DRV0006A-IPC_B,DRV0006A-IPC_C,DRV0006A-MFG)';
  END_BODY;
END_PRIMITIVE;
END.
