FILE_TYPE=LIBRARY_PARTS;
PRIMITIVE 'MD0101K6_G','MD0101K6_G_SMD';
  PIN
    'NC':
      PIN_NUMBER='(1)';
      PIN_TYPE=NC;
      NO_LOAD_CHECK=BOTH;
      NO_IO_CHECK=BOTH;
      ALLOW_CONNECT=TRUE;
      PINUSE='NC';
    'TX1':
      PIN_NUMBER='(2)';
      INPUT_LOAD='(-0.01,0.01)';
      OUTPUT_LOAD='(1.0,-1.0)';
      BIDIRECTIONAL='TRUE';
      PINUSE='BI';
    'NC_2':
      PIN_NUMBER='(3)';
      PIN_TYPE=NC;
      NO_LOAD_CHECK=BOTH;
      NO_IO_CHECK=BOTH;
      ALLOW_CONNECT=TRUE;
      PINUSE='NC';
    'TX2':
      PIN_NUMBER='(4)';
      INPUT_LOAD='(-0.01,0.01)';
      OUTPUT_LOAD='(1.0,-1.0)';
      BIDIRECTIONAL='TRUE';
      PINUSE='BI';
    'NC_3':
      PIN_NUMBER='(5)';
      PIN_TYPE=NC;
      NO_LOAD_CHECK=BOTH;
      NO_IO_CHECK=BOTH;
      ALLOW_CONNECT=TRUE;
      PINUSE='NC';
    'TX3':
      PIN_NUMBER='(6)';
      INPUT_LOAD='(-0.01,0.01)';
      OUTPUT_LOAD='(1.0,-1.0)';
      BIDIRECTIONAL='TRUE';
      PINUSE='BI';
    'NC_4':
      PIN_NUMBER='(7)';
      PIN_TYPE=NC;
      NO_LOAD_CHECK=BOTH;
      NO_IO_CHECK=BOTH;
      ALLOW_CONNECT=TRUE;
      PINUSE='NC';
    'TX4':
      PIN_NUMBER='(8)';
      INPUT_LOAD='(-0.01,0.01)';
      OUTPUT_LOAD='(1.0,-1.0)';
      BIDIRECTIONAL='TRUE';
      PINUSE='BI';
    'NC_5':
      PIN_NUMBER='(9)';
      PIN_TYPE=NC;
      NO_LOAD_CHECK=BOTH;
      NO_IO_CHECK=BOTH;
      ALLOW_CONNECT=TRUE;
      PINUSE='NC';
    'RGND4':
      PIN_NUMBER='(10)';
      PINUSE='GROUND';
    'RX4':
      PIN_NUMBER='(11)';
      INPUT_LOAD='(-0.01,0.01)';
      OUTPUT_LOAD='(1.0,-1.0)';
      BIDIRECTIONAL='TRUE';
      PINUSE='BI';
    'RGND3':
      PIN_NUMBER='(12)';
      PINUSE='GROUND';
    'RX3':
      PIN_NUMBER='(13)';
      INPUT_LOAD='(-0.01,0.01)';
      OUTPUT_LOAD='(1.0,-1.0)';
      BIDIRECTIONAL='TRUE';
      PINUSE='BI';
    'RGND2':
      PIN_NUMBER='(14)';
      PINUSE='GROUND';
    'RX2':
      PIN_NUMBER='(15)';
      INPUT_LOAD='(-0.01,0.01)';
      OUTPUT_LOAD='(1.0,-1.0)';
      BIDIRECTIONAL='TRUE';
      PINUSE='BI';
    'RGND1':
      PIN_NUMBER='(16)';
      PINUSE='GROUND';
    'RX1':
      PIN_NUMBER='(17)';
      INPUT_LOAD='(-0.01,0.01)';
      OUTPUT_LOAD='(1.0,-1.0)';
      BIDIRECTIONAL='TRUE';
      PINUSE='BI';
    'NC_6':
      PIN_NUMBER='(18)';
      PIN_TYPE=NC;
      NO_LOAD_CHECK=BOTH;
      NO_IO_CHECK=BOTH;
      ALLOW_CONNECT=TRUE;
      PINUSE='NC';
    'EPAD':
      PIN_NUMBER='(19)';
      NO_LOAD_CHECK=BOTH;
      NO_IO_CHECK=BOTH;
      ALLOW_CONNECT=TRUE;
      PINUSE='UNSPEC';
  END_PIN;
  BODY
    PART_NAME='MD0101K6_G';
    PHYS_DES_PREFIX='U';
    NO_LOAD_CHECK='TRUE';
    PIN_COUNT='19';
    BODY_NAME='MD0101K6_G';
    JEDEC_TYPE='DFN18_5X5_MCH';
    ALT_SYMBOLS='(DFN18_5X5_MCH-M,DFN18_5X5_MCH-L)';
  END_BODY;
END_PRIMITIVE;
END.
