(---------------------------------------------------------------------)
(                                                                     )
(    Parameter File READ                                              )
(                                                                     )
(    Drawing          : TPAD_010.dra                                  )
(    Software Version : 17.4S032                                      )
(    Date/Time        : Thu Nov 17 15:44:58 2022                      )
(                                                                     )
(---------------------------------------------------------------------)


	Paramfile Name : E:/share_OrCAD/parameter/footprint_design_Rlv1006.prm
	Layout Name   : E:/share_OrCAD/pcb_lib/symbols/TPAD_010.dra

Reading...parameter_header:
Reading...db_common_type:
Reading...grid_parms_type:
Reading...UnusedPadsSuppressionSettings:
Reading...color_table_table:
Reading...ColorParmType:
Reading...text_size_table:
Reading...ministat_parm_type:
Reading...ats_parm_type:
Reading...ifp_parm_type:


..... Total number of errors: 0.
..... Total number of warnings: 0.
