Wed Sep 21 17:02:01 2022				Page     1


 
Update Symbols/Modules Logfile
	Wed Sep 21 17:02:01 2022

------ Module Refresh Messages ------

SUMMARY:    Updated 0 out of 0 modules

------ End Module Messages     ------



(---------------------------------------------------------------------)
(                                                                     )
(    Refresh Symbol                                                   )
(                                                                     )
(    Drawing          : SON65P200X200X80-7N.dra                       )
(    Software Version : 17.4S032                                      )
(    Date/Time        : Wed Sep 21 17:02:01 2022                      )
(                                                                     )
(---------------------------------------------------------------------)


Wed Sep 21 17:02:01 2022				Page     1


------ Symbol Refresh Directives ------

Input design  = 'E:/share_OrCAD/pcb_lib/symbols/SON65P200X200X80-7N.dra'
Output design = ''

Update STEP mapping data only          = 'YES'
Update mechanical symbols              = 'NO'
Update format symbols                  = 'NO'
Update package symbols                 = 'NO'
Update shape/flash symbols             = 'NO'
Update symbol padstacks                = 'NO'
Preserve padstacks replaced on pins    = 'NO'
Reset symbol text and size locations   = 'NO'
Reset Pin Escapes (fanouts)            = 'NO'
Ripup Etch                             = 'NO'
Reset custom drill data                = 'NO'


------ Library Paths ------
PSMPATH =  . 
           symbols 
           .. 
           ../symbols 
           c:/cadence/spb_17.4/share/local/pcb/symbols 
           c:/cadence/spb_17.4/share/pcb/pcb_lib/symbols 
           c:/cadence/spb_17.4/share/pcb/allegrolib/symbols 
           . 
           E:/share_OrCAD/pcb_lib/symbols 

PADPATH =  . 
           symbols 
           .. 
           ../symbols 
           c:/cadence/spb_17.4/share/local/pcb/padstacks 
           c:/cadence/spb_17.4/share/pcb/pcb_lib/symbols 
           c:/cadence/spb_17.4/share/pcb/allegrolib/symbols 
           E:/share_OrCAD/pcb_lib/symbols 


------ Symbol Refresh Messages ------



----- Symbol Update Summary ----

Updated symbols: 0 out 0
    Design updated.

