(---------------------------------------------------------------------)
(                                                                     )
(    Refresh Padstack                                                 )
(                                                                     )
(    Drawing          : MP4895A-BGA144_rl1001.dra                     )
(    Software Version : 17.4S032                                      )
(    Date/Time        : Mon Oct 17 11:54:21 2022                      )
(                                                                     )
(---------------------------------------------------------------------)


Mon Oct 17 11:54:21 2022				Page     1


------ Pad Stack Refresh Options ------

Input design  = 'E:/share_OrCAD/pcb_lib/symbols/MP4895A-BGA144_rl1001.dra'
Output design = ''
Reset symbol text and size locations   = 'NO'


------ Library Paths ------
PSMPATH =  . 
           symbols 
           .. 
           ../symbols 
           c:/cadence/spb_17.4/share/local/pcb/symbols 
           c:/cadence/spb_17.4/share/pcb/pcb_lib/symbols 
           c:/cadence/spb_17.4/share/pcb/allegrolib/symbols 
           . 
           E:/share_OrCAD/pcb_lib/symbols 

PADPATH =  . 
           symbols 
           .. 
           ../symbols 
           c:/cadence/spb_17.4/share/local/pcb/padstacks 
           c:/cadence/spb_17.4/share/pcb/pcb_lib/symbols 
           c:/cadence/spb_17.4/share/pcb/allegrolib/symbols 
           E:/share_OrCAD/pcb_lib/symbols 


------ Pad Stack Refresh Messages ------

'BGA_144_PAD2830'  pad stack refresh starting.

     'BGA_144_PAD2830'  pad stack refreshed successfully.
     
Completed refreshing all pad stacks successfully.
